{"/var/www/arcade/backend/src/app.js": {"path":"/var/www/arcade/backend/src/app.js","statementMap":{"0":{"start":{"line":4,"column":16},"end":{"line":4,"column":34}},"1":{"start":{"line":5,"column":13},"end":{"line":5,"column":28}},"2":{"start":{"line":6,"column":19},"end":{"line":6,"column":49}},"3":{"start":{"line":8,"column":12},"end":{"line":8,"column":21}},"4":{"start":{"line":11,"column":0},"end":{"line":14,"column":4}},"5":{"start":{"line":15,"column":0},"end":{"line":15,"column":24}},"6":{"start":{"line":18,"column":0},"end":{"line":18,"column":34}},"7":{"start":{"line":20,"column":0},"end":{"line":20,"column":21}}},"fnMap":{},"branchMap":{},"s":{"0":1,"1":1,"2":1,"3":1,"4":1,"5":1,"6":1,"7":1},"f":{},"b":{},"_coverageSchema":"1a1c01bbd47fc00a2c39e90264f33305004495a9","hash":"b65b40695d5d47b244334ce31d924179fd6d35ce"}
,"/var/www/arcade/backend/src/controllers/gameController.js": {"path":"/var/www/arcade/backend/src/controllers/gameController.js","statementMap":{"0":{"start":{"line":2,"column":21},"end":{"line":2,"column":45}},"1":{"start":{"line":3,"column":13},"end":{"line":3,"column":28}},"2":{"start":{"line":4,"column":11},"end":{"line":4,"column":24}},"3":{"start":{"line":7,"column":25},"end":{"line":7,"column":91}},"4":{"start":{"line":8,"column":38},"end":{"line":8,"column":105}},"5":{"start":{"line":11,"column":14},"end":{"line":34,"column":1}},"6":{"start":{"line":37,"column":0},"end":{"line":45,"column":2}},"7":{"start":{"line":39,"column":20},"end":{"line":39,"column":30}},"8":{"start":{"line":40,"column":29},"end":{"line":43,"column":5}},"9":{"start":{"line":40,"column":48},"end":{"line":43,"column":3}},"10":{"start":{"line":44,"column":2},"end":{"line":44,"column":31}},"11":{"start":{"line":48,"column":0},"end":{"line":77,"column":2}},"12":{"start":{"line":49,"column":19},"end":{"line":49,"column":49}},"13":{"start":{"line":51,"column":2},"end":{"line":53,"column":3}},"14":{"start":{"line":52,"column":4},"end":{"line":52,"column":87}},"15":{"start":{"line":55,"column":16},"end":{"line":55,"column":18}},"16":{"start":{"line":58,"column":16},"end":{"line":67,"column":3}},"17":{"start":{"line":59,"column":4},"end":{"line":62,"column":5}},"18":{"start":{"line":60,"column":6},"end":{"line":60,"column":47}},"19":{"start":{"line":61,"column":6},"end":{"line":61,"column":13}},"20":{"start":{"line":64,"column":4},"end":{"line":64,"column":44}},"21":{"start":{"line":65,"column":4},"end":{"line":65,"column":45}},"22":{"start":{"line":66,"column":4},"end":{"line":66,"column":44}},"23":{"start":{"line":70,"column":2},"end":{"line":70,"column":27}},"24":{"start":{"line":72,"column":2},"end":{"line":76,"column":5}},"25":{"start":{"line":80,"column":0},"end":{"line":131,"column":2}},"26":{"start":{"line":81,"column":21},"end":{"line":81,"column":51}},"27":{"start":{"line":84,"column":18},"end":{"line":88,"column":3}},"28":{"start":{"line":90,"column":15},"end":{"line":90,"column":39}},"29":{"start":{"line":91,"column":22},"end":{"line":91,"column":87}},"30":{"start":{"line":93,"column":2},"end":{"line":130,"column":3}},"31":{"start":{"line":95,"column":19},"end":{"line":98,"column":6}},"32":{"start":{"line":101,"column":18},"end":{"line":101,"column":43}},"33":{"start":{"line":102,"column":20},"end":{"line":102,"column":22}},"34":{"start":{"line":104,"column":4},"end":{"line":121,"column":5}},"35":{"start":{"line":104,"column":17},"end":{"line":104,"column":18}},"36":{"start":{"line":105,"column":6},"end":{"line":120,"column":7}},"37":{"start":{"line":105,"column":19},"end":{"line":105,"column":20}},"38":{"start":{"line":106,"column":19},"end":{"line":106,"column":30}},"39":{"start":{"line":107,"column":8},"end":{"line":119,"column":9}},"40":{"start":{"line":110,"column":10},"end":{"line":116,"column":11}},"41":{"start":{"line":111,"column":12},"end":{"line":111,"column":35}},"42":{"start":{"line":112,"column":17},"end":{"line":116,"column":11}},"43":{"start":{"line":113,"column":12},"end":{"line":113,"column":66}},"44":{"start":{"line":115,"column":12},"end":{"line":115,"column":21}},"45":{"start":{"line":118,"column":10},"end":{"line":118,"column":42}},"46":{"start":{"line":123,"column":4},"end":{"line":126,"column":7}},"47":{"start":{"line":128,"column":4},"end":{"line":128,"column":57}},"48":{"start":{"line":129,"column":4},"end":{"line":129,"column":65}},"49":{"start":{"line":134,"column":30},"end":{"line":146,"column":1}},"50":{"start":{"line":135,"column":18},"end":{"line":135,"column":48}},"51":{"start":{"line":136,"column":2},"end":{"line":138,"column":3}},"52":{"start":{"line":137,"column":4},"end":{"line":137,"column":47}},"53":{"start":{"line":139,"column":2},"end":{"line":145,"column":3}},"54":{"start":{"line":140,"column":4},"end":{"line":144,"column":17}},"55":{"start":{"line":149,"column":0},"end":{"line":158,"column":2}},"56":{"start":{"line":150,"column":2},"end":{"line":157,"column":3}},"57":{"start":{"line":151,"column":4},"end":{"line":151,"column":28}},"58":{"start":{"line":152,"column":17},"end":{"line":152,"column":58}},"59":{"start":{"line":153,"column":4},"end":{"line":153,"column":31}},"60":{"start":{"line":155,"column":4},"end":{"line":155,"column":53}},"61":{"start":{"line":156,"column":4},"end":{"line":156,"column":66}},"62":{"start":{"line":161,"column":0},"end":{"line":206,"column":2}},"63":{"start":{"line":162,"column":2},"end":{"line":205,"column":3}},"64":{"start":{"line":163,"column":39},"end":{"line":163,"column":47}},"65":{"start":{"line":166,"column":4},"end":{"line":168,"column":5}},"66":{"start":{"line":167,"column":6},"end":{"line":167,"column":96}},"67":{"start":{"line":170,"column":4},"end":{"line":172,"column":5}},"68":{"start":{"line":171,"column":6},"end":{"line":171,"column":73}},"69":{"start":{"line":175,"column":26},"end":{"line":175,"column":64}},"70":{"start":{"line":177,"column":4},"end":{"line":177,"column":28}},"71":{"start":{"line":178,"column":17},"end":{"line":178,"column":70}},"72":{"start":{"line":181,"column":4},"end":{"line":185,"column":7}},"73":{"start":{"line":188,"column":4},"end":{"line":188,"column":53}},"74":{"start":{"line":188,"column":36},"end":{"line":188,"column":51}},"75":{"start":{"line":189,"column":4},"end":{"line":189,"column":53}},"76":{"start":{"line":192,"column":4},"end":{"line":192,"column":70}},"77":{"start":{"line":195,"column":17},"end":{"line":195,"column":105}},"78":{"start":{"line":195,"column":49},"end":{"line":195,"column":104}},"79":{"start":{"line":197,"column":4},"end":{"line":201,"column":7}},"80":{"start":{"line":203,"column":4},"end":{"line":203,"column":46}},"81":{"start":{"line":204,"column":4},"end":{"line":204,"column":59}},"82":{"start":{"line":209,"column":41},"end":{"line":221,"column":1}},"83":{"start":{"line":210,"column":18},"end":{"line":210,"column":61}},"84":{"start":{"line":211,"column":2},"end":{"line":213,"column":3}},"85":{"start":{"line":212,"column":4},"end":{"line":212,"column":47}},"86":{"start":{"line":214,"column":2},"end":{"line":220,"column":3}},"87":{"start":{"line":215,"column":4},"end":{"line":219,"column":17}},"88":{"start":{"line":224,"column":0},"end":{"line":233,"column":2}},"89":{"start":{"line":225,"column":2},"end":{"line":232,"column":3}},"90":{"start":{"line":226,"column":4},"end":{"line":226,"column":39}},"91":{"start":{"line":227,"column":17},"end":{"line":227,"column":71}},"92":{"start":{"line":228,"column":4},"end":{"line":228,"column":31}},"93":{"start":{"line":230,"column":4},"end":{"line":230,"column":66}},"94":{"start":{"line":231,"column":4},"end":{"line":231,"column":66}},"95":{"start":{"line":236,"column":0},"end":{"line":281,"column":2}},"96":{"start":{"line":237,"column":2},"end":{"line":280,"column":3}},"97":{"start":{"line":238,"column":40},"end":{"line":238,"column":48}},"98":{"start":{"line":241,"column":4},"end":{"line":243,"column":5}},"99":{"start":{"line":242,"column":6},"end":{"line":242,"column":97}},"100":{"start":{"line":245,"column":4},"end":{"line":247,"column":5}},"101":{"start":{"line":246,"column":6},"end":{"line":246,"column":73}},"102":{"start":{"line":250,"column":26},"end":{"line":250,"column":64}},"103":{"start":{"line":252,"column":4},"end":{"line":252,"column":39}},"104":{"start":{"line":253,"column":17},"end":{"line":253,"column":83}},"105":{"start":{"line":256,"column":4},"end":{"line":260,"column":7}},"106":{"start":{"line":263,"column":4},"end":{"line":263,"column":55}},"107":{"start":{"line":263,"column":36},"end":{"line":263,"column":53}},"108":{"start":{"line":264,"column":4},"end":{"line":264,"column":53}},"109":{"start":{"line":267,"column":4},"end":{"line":267,"column":83}},"110":{"start":{"line":270,"column":17},"end":{"line":270,"column":107}},"111":{"start":{"line":270,"column":49},"end":{"line":270,"column":106}},"112":{"start":{"line":272,"column":4},"end":{"line":276,"column":7}},"113":{"start":{"line":278,"column":4},"end":{"line":278,"column":59}},"114":{"start":{"line":279,"column":4},"end":{"line":279,"column":59}}},"fnMap":{"0":{"name":"(anonymous_0)","decl":{"start":{"line":37,"column":19},"end":{"line":37,"column":20}},"loc":{"start":{"line":37,"column":33},"end":{"line":45,"column":1}},"line":37},"1":{"name":"(anonymous_1)","decl":{"start":{"line":40,"column":39},"end":{"line":40,"column":40}},"loc":{"start":{"line":40,"column":48},"end":{"line":43,"column":3}},"line":40},"2":{"name":"(anonymous_2)","decl":{"start":{"line":48,"column":29},"end":{"line":48,"column":30}},"loc":{"start":{"line":48,"column":43},"end":{"line":77,"column":1}},"line":48},"3":{"name":"(anonymous_3)","decl":{"start":{"line":58,"column":16},"end":{"line":58,"column":17}},"loc":{"start":{"line":58,"column":50},"end":{"line":67,"column":3}},"line":58},"4":{"name":"(anonymous_4)","decl":{"start":{"line":80,"column":30},"end":{"line":80,"column":31}},"loc":{"start":{"line":80,"column":44},"end":{"line":131,"column":1}},"line":80},"5":{"name":"(anonymous_5)","decl":{"start":{"line":134,"column":30},"end":{"line":134,"column":31}},"loc":{"start":{"line":134,"column":36},"end":{"line":146,"column":1}},"line":134},"6":{"name":"(anonymous_6)","decl":{"start":{"line":149,"column":36},"end":{"line":149,"column":37}},"loc":{"start":{"line":149,"column":50},"end":{"line":158,"column":1}},"line":149},"7":{"name":"(anonymous_7)","decl":{"start":{"line":161,"column":30},"end":{"line":161,"column":31}},"loc":{"start":{"line":161,"column":44},"end":{"line":206,"column":1}},"line":161},"8":{"name":"(anonymous_8)","decl":{"start":{"line":188,"column":26},"end":{"line":188,"column":27}},"loc":{"start":{"line":188,"column":36},"end":{"line":188,"column":51}},"line":188},"9":{"name":"(anonymous_9)","decl":{"start":{"line":195,"column":44},"end":{"line":195,"column":45}},"loc":{"start":{"line":195,"column":49},"end":{"line":195,"column":104}},"line":195},"10":{"name":"(anonymous_10)","decl":{"start":{"line":209,"column":41},"end":{"line":209,"column":42}},"loc":{"start":{"line":209,"column":47},"end":{"line":221,"column":1}},"line":209},"11":{"name":"(anonymous_11)","decl":{"start":{"line":224,"column":36},"end":{"line":224,"column":37}},"loc":{"start":{"line":224,"column":50},"end":{"line":233,"column":1}},"line":224},"12":{"name":"(anonymous_12)","decl":{"start":{"line":236,"column":30},"end":{"line":236,"column":31}},"loc":{"start":{"line":236,"column":44},"end":{"line":281,"column":1}},"line":236},"13":{"name":"(anonymous_13)","decl":{"start":{"line":263,"column":26},"end":{"line":263,"column":27}},"loc":{"start":{"line":263,"column":36},"end":{"line":263,"column":53}},"line":263},"14":{"name":"(anonymous_14)","decl":{"start":{"line":270,"column":44},"end":{"line":270,"column":45}},"loc":{"start":{"line":270,"column":49},"end":{"line":270,"column":106}},"line":270}},"branchMap":{"0":{"loc":{"start":{"line":49,"column":19},"end":{"line":49,"column":49}},"type":"binary-expr","locations":[{"start":{"line":49,"column":19},"end":{"line":49,"column":44}},{"start":{"line":49,"column":48},"end":{"line":49,"column":49}}],"line":49},"1":{"loc":{"start":{"line":51,"column":2},"end":{"line":53,"column":3}},"type":"if","locations":[{"start":{"line":51,"column":2},"end":{"line":53,"column":3}},{"start":{},"end":{}}],"line":51},"2":{"loc":{"start":{"line":51,"column":6},"end":{"line":51,"column":35}},"type":"binary-expr","locations":[{"start":{"line":51,"column":6},"end":{"line":51,"column":18}},{"start":{"line":51,"column":22},"end":{"line":51,"column":35}}],"line":51},"3":{"loc":{"start":{"line":59,"column":4},"end":{"line":62,"column":5}},"type":"if","locations":[{"start":{"line":59,"column":4},"end":{"line":62,"column":5}},{"start":{},"end":{}}],"line":59},"4":{"loc":{"start":{"line":81,"column":21},"end":{"line":81,"column":51}},"type":"binary-expr","locations":[{"start":{"line":81,"column":21},"end":{"line":81,"column":41}},{"start":{"line":81,"column":45},"end":{"line":81,"column":51}}],"line":81},"5":{"loc":{"start":{"line":90,"column":15},"end":{"line":90,"column":39}},"type":"binary-expr","locations":[{"start":{"line":90,"column":15},"end":{"line":90,"column":34}},{"start":{"line":90,"column":38},"end":{"line":90,"column":39}}],"line":90},"6":{"loc":{"start":{"line":107,"column":8},"end":{"line":119,"column":9}},"type":"if","locations":[{"start":{"line":107,"column":8},"end":{"line":119,"column":9}},{"start":{},"end":{}}],"line":107},"7":{"loc":{"start":{"line":110,"column":10},"end":{"line":116,"column":11}},"type":"if","locations":[{"start":{"line":110,"column":10},"end":{"line":116,"column":11}},{"start":{"line":112,"column":17},"end":{"line":116,"column":11}}],"line":110},"8":{"loc":{"start":{"line":110,"column":14},"end":{"line":110,"column":36}},"type":"binary-expr","locations":[{"start":{"line":110,"column":14},"end":{"line":110,"column":23}},{"start":{"line":110,"column":27},"end":{"line":110,"column":36}}],"line":110},"9":{"loc":{"start":{"line":112,"column":17},"end":{"line":116,"column":11}},"type":"if","locations":[{"start":{"line":112,"column":17},"end":{"line":116,"column":11}},{"start":{"line":114,"column":17},"end":{"line":116,"column":11}}],"line":112},"10":{"loc":{"start":{"line":112,"column":21},"end":{"line":112,"column":43}},"type":"binary-expr","locations":[{"start":{"line":112,"column":21},"end":{"line":112,"column":30}},{"start":{"line":112,"column":34},"end":{"line":112,"column":43}}],"line":112},"11":{"loc":{"start":{"line":136,"column":2},"end":{"line":138,"column":3}},"type":"if","locations":[{"start":{"line":136,"column":2},"end":{"line":138,"column":3}},{"start":{},"end":{}}],"line":136},"12":{"loc":{"start":{"line":139,"column":2},"end":{"line":145,"column":3}},"type":"if","locations":[{"start":{"line":139,"column":2},"end":{"line":145,"column":3}},{"start":{},"end":{}}],"line":139},"13":{"loc":{"start":{"line":166,"column":4},"end":{"line":168,"column":5}},"type":"if","locations":[{"start":{"line":166,"column":4},"end":{"line":168,"column":5}},{"start":{},"end":{}}],"line":166},"14":{"loc":{"start":{"line":166,"column":8},"end":{"line":166,"column":56}},"type":"binary-expr","locations":[{"start":{"line":166,"column":8},"end":{"line":166,"column":13}},{"start":{"line":166,"column":17},"end":{"line":166,"column":28}},{"start":{"line":166,"column":32},"end":{"line":166,"column":56}}],"line":166},"15":{"loc":{"start":{"line":170,"column":4},"end":{"line":172,"column":5}},"type":"if","locations":[{"start":{"line":170,"column":4},"end":{"line":172,"column":5}},{"start":{},"end":{}}],"line":170},"16":{"loc":{"start":{"line":195,"column":49},"end":{"line":195,"column":104}},"type":"binary-expr","locations":[{"start":{"line":195,"column":49},"end":{"line":195,"column":73}},{"start":{"line":195,"column":77},"end":{"line":195,"column":104}}],"line":195},"17":{"loc":{"start":{"line":199,"column":12},"end":{"line":199,"column":41}},"type":"cond-expr","locations":[{"start":{"line":199,"column":26},"end":{"line":199,"column":34}},{"start":{"line":199,"column":37},"end":{"line":199,"column":41}}],"line":199},"18":{"loc":{"start":{"line":211,"column":2},"end":{"line":213,"column":3}},"type":"if","locations":[{"start":{"line":211,"column":2},"end":{"line":213,"column":3}},{"start":{},"end":{}}],"line":211},"19":{"loc":{"start":{"line":214,"column":2},"end":{"line":220,"column":3}},"type":"if","locations":[{"start":{"line":214,"column":2},"end":{"line":220,"column":3}},{"start":{},"end":{}}],"line":214},"20":{"loc":{"start":{"line":241,"column":4},"end":{"line":243,"column":5}},"type":"if","locations":[{"start":{"line":241,"column":4},"end":{"line":243,"column":5}},{"start":{},"end":{}}],"line":241},"21":{"loc":{"start":{"line":241,"column":8},"end":{"line":241,"column":57}},"type":"binary-expr","locations":[{"start":{"line":241,"column":8},"end":{"line":241,"column":13}},{"start":{"line":241,"column":17},"end":{"line":241,"column":28}},{"start":{"line":241,"column":32},"end":{"line":241,"column":57}}],"line":241},"22":{"loc":{"start":{"line":245,"column":4},"end":{"line":247,"column":5}},"type":"if","locations":[{"start":{"line":245,"column":4},"end":{"line":247,"column":5}},{"start":{},"end":{}}],"line":245},"23":{"loc":{"start":{"line":270,"column":49},"end":{"line":270,"column":106}},"type":"binary-expr","locations":[{"start":{"line":270,"column":49},"end":{"line":270,"column":73}},{"start":{"line":270,"column":77},"end":{"line":270,"column":106}}],"line":270},"24":{"loc":{"start":{"line":274,"column":12},"end":{"line":274,"column":41}},"type":"cond-expr","locations":[{"start":{"line":274,"column":26},"end":{"line":274,"column":34}},{"start":{"line":274,"column":37},"end":{"line":274,"column":41}}],"line":274}},"s":{"0":2,"1":2,"2":2,"3":2,"4":2,"5":2,"6":2,"7":5,"8":5,"9":110,"10":5,"11":2,"12":11,"13":11,"14":3,"15":8,"16":8,"17":82,"18":45,"19":45,"20":37,"21":37,"22":37,"23":8,"24":8,"25":2,"26":0,"27":0,"28":0,"29":0,"30":0,"31":0,"32":0,"33":0,"34":0,"35":0,"36":0,"37":0,"38":0,"39":0,"40":0,"41":0,"42":0,"43":0,"44":0,"45":0,"46":0,"47":0,"48":0,"49":2,"50":8,"51":8,"52":0,"53":8,"54":0,"55":2,"56":1,"57":1,"58":1,"59":1,"60":0,"61":0,"62":2,"63":13,"64":13,"65":13,"66":4,"67":9,"68":2,"69":7,"70":7,"71":7,"72":7,"73":7,"74":67,"75":7,"76":7,"77":7,"78":44,"79":7,"80":0,"81":0,"82":2,"83":5,"84":5,"85":0,"86":5,"87":0,"88":2,"89":1,"90":1,"91":1,"92":1,"93":0,"94":0,"95":2,"96":7,"97":7,"98":7,"99":1,"100":6,"101":2,"102":4,"103":4,"104":4,"105":4,"106":4,"107":28,"108":4,"109":4,"110":4,"111":9,"112":4,"113":0,"114":0},"f":{"0":5,"1":110,"2":11,"3":82,"4":0,"5":8,"6":1,"7":13,"8":67,"9":44,"10":5,"11":1,"12":7,"13":28,"14":9},"b":{"0":[11,3],"1":[3,8],"2":[11,10],"3":[45,37],"4":[0,0],"5":[0,0],"6":[0,0],"7":[0,0],"8":[0,0],"9":[0,0],"10":[0,0],"11":[0,8],"12":[0,8],"13":[4,9],"14":[13,12,10],"15":[2,7],"16":[44,10],"17":[6,1],"18":[0,5],"19":[0,5],"20":[1,6],"21":[7,6,6],"22":[2,4],"23":[9,4],"24":[4,0]},"_coverageSchema":"1a1c01bbd47fc00a2c39e90264f33305004495a9","hash":"3532d7ef33d6c2bd2f55e3a8799a5d116feafc37"}
,"/var/www/arcade/backend/src/routes/gameRoutes.js": {"path":"/var/www/arcade/backend/src/routes/gameRoutes.js","statementMap":{"0":{"start":{"line":1,"column":16},"end":{"line":1,"column":34}},"1":{"start":{"line":2,"column":15},"end":{"line":2,"column":31}},"2":{"start":{"line":5,"column":23},"end":{"line":5,"column":63}},"3":{"start":{"line":8,"column":0},"end":{"line":8,"column":41}},"4":{"start":{"line":11,"column":0},"end":{"line":11,"column":72}},"5":{"start":{"line":14,"column":0},"end":{"line":14,"column":74}},"6":{"start":{"line":17,"column":0},"end":{"line":17,"column":81}},"7":{"start":{"line":18,"column":0},"end":{"line":18,"column":76}},"8":{"start":{"line":21,"column":0},"end":{"line":21,"column":82}},"9":{"start":{"line":22,"column":0},"end":{"line":22,"column":77}},"10":{"start":{"line":26,"column":0},"end":{"line":26,"column":24}}},"fnMap":{},"branchMap":{},"s":{"0":1,"1":1,"2":1,"3":1,"4":1,"5":1,"6":1,"7":1,"8":1,"9":1,"10":1},"f":{},"b":{},"_coverageSchema":"1a1c01bbd47fc00a2c39e90264f33305004495a9","hash":"34707f61a562c0feb86f43de68ad4a1a7740ab45"}
}
