TN:
SF:src/app.js
FNF:0
FNH:0
DA:4,1
DA:5,1
DA:6,1
DA:8,1
DA:11,1
DA:15,1
DA:18,1
DA:20,1
LF:8
LH:8
BRF:0
BRH:0
end_of_record
TN:
SF:src/controllers/gameController.js
FN:37,(anonymous_0)
FN:40,(anonymous_1)
FN:48,(anonymous_2)
FN:58,(anonymous_3)
FN:80,(anonymous_4)
FN:134,(anonymous_5)
FN:149,(anonymous_6)
FN:161,(anonymous_7)
FN:188,(anonymous_8)
FN:195,(anonymous_9)
FN:209,(anonymous_10)
FN:224,(anonymous_11)
FN:236,(anonymous_12)
FN:263,(anonymous_13)
FN:270,(anonymous_14)
FNF:15
FNH:14
FNDA:5,(anonymous_0)
FNDA:110,(anonymous_1)
FNDA:11,(anonymous_2)
FNDA:82,(anonymous_3)
FNDA:0,(anonymous_4)
FNDA:8,(anonymous_5)
FNDA:1,(anonymous_6)
FNDA:13,(anonymous_7)
FNDA:67,(anonymous_8)
FNDA:44,(anonymous_9)
FNDA:5,(anonymous_10)
FNDA:1,(anonymous_11)
FNDA:7,(anonymous_12)
FNDA:28,(anonymous_13)
FNDA:9,(anonymous_14)
DA:2,2
DA:3,2
DA:4,2
DA:7,2
DA:8,2
DA:11,2
DA:37,2
DA:39,5
DA:40,110
DA:44,5
DA:48,2
DA:49,11
DA:51,11
DA:52,3
DA:55,8
DA:58,8
DA:59,82
DA:60,45
DA:61,45
DA:64,37
DA:65,37
DA:66,37
DA:70,8
DA:72,8
DA:80,2
DA:81,0
DA:84,0
DA:90,0
DA:91,0
DA:93,0
DA:95,0
DA:101,0
DA:102,0
DA:104,0
DA:105,0
DA:106,0
DA:107,0
DA:110,0
DA:111,0
DA:112,0
DA:113,0
DA:115,0
DA:118,0
DA:123,0
DA:128,0
DA:129,0
DA:134,2
DA:135,8
DA:136,8
DA:137,0
DA:139,8
DA:140,0
DA:149,2
DA:150,1
DA:151,1
DA:152,1
DA:153,1
DA:155,0
DA:156,0
DA:161,2
DA:162,13
DA:163,13
DA:166,13
DA:167,4
DA:170,9
DA:171,2
DA:175,7
DA:177,7
DA:178,7
DA:181,7
DA:188,67
DA:189,7
DA:192,7
DA:195,44
DA:197,7
DA:203,0
DA:204,0
DA:209,2
DA:210,5
DA:211,5
DA:212,0
DA:214,5
DA:215,0
DA:224,2
DA:225,1
DA:226,1
DA:227,1
DA:228,1
DA:230,0
DA:231,0
DA:236,2
DA:237,7
DA:238,7
DA:241,7
DA:242,1
DA:245,6
DA:246,2
DA:250,4
DA:252,4
DA:253,4
DA:256,4
DA:263,28
DA:264,4
DA:267,4
DA:270,9
DA:272,4
DA:278,0
DA:279,0
LF:108
LH:75
BRDA:49,0,0,11
BRDA:49,0,1,3
BRDA:51,1,0,3
BRDA:51,1,1,8
BRDA:51,2,0,11
BRDA:51,2,1,10
BRDA:59,3,0,45
BRDA:59,3,1,37
BRDA:81,4,0,0
BRDA:81,4,1,0
BRDA:90,5,0,0
BRDA:90,5,1,0
BRDA:107,6,0,0
BRDA:107,6,1,0
BRDA:110,7,0,0
BRDA:110,7,1,0
BRDA:110,8,0,0
BRDA:110,8,1,0
BRDA:112,9,0,0
BRDA:112,9,1,0
BRDA:112,10,0,0
BRDA:112,10,1,0
BRDA:136,11,0,0
BRDA:136,11,1,8
BRDA:139,12,0,0
BRDA:139,12,1,8
BRDA:166,13,0,4
BRDA:166,13,1,9
BRDA:166,14,0,13
BRDA:166,14,1,12
BRDA:166,14,2,10
BRDA:170,15,0,2
BRDA:170,15,1,7
BRDA:195,16,0,44
BRDA:195,16,1,10
BRDA:199,17,0,6
BRDA:199,17,1,1
BRDA:211,18,0,0
BRDA:211,18,1,5
BRDA:214,19,0,0
BRDA:214,19,1,5
BRDA:241,20,0,1
BRDA:241,20,1,6
BRDA:241,21,0,7
BRDA:241,21,1,6
BRDA:241,21,2,6
BRDA:245,22,0,2
BRDA:245,22,1,4
BRDA:270,23,0,9
BRDA:270,23,1,4
BRDA:274,24,0,4
BRDA:274,24,1,0
BRF:52
BRH:33
end_of_record
TN:
SF:src/routes/gameRoutes.js
FNF:0
FNH:0
DA:1,1
DA:2,1
DA:5,1
DA:8,1
DA:11,1
DA:14,1
DA:17,1
DA:18,1
DA:21,1
DA:22,1
DA:26,1
LF:11
LH:11
BRF:0
BRH:0
end_of_record
